Using pre-set license
Built from '2020.3/release' branch; Version is '2020.3.2f1 (8fd9074bf66c) revision 9427207'; Using compiler version '192528614'; Build Type 'Release'
OS: 'Windows 10 Enterprise; OS build 18363.1500; Version 1909; 64bit' Language: 'pl' Physical Memory: 8066 MB
BatchMode: 1, IsHumanControllingUs: 0, StartBugReporterOnCrash: 0, Is64bit: 1, IsPro: 0

 COMMAND LINE ARGUMENTS:
C:\Program Files\Unity\Hub\Editor\2020.3.2f1\Editor\Unity.exe
-adb2
-batchMode
-noUpm
-name
AssetImportWorker0
-projectPath
C:/Users/Lenovo/Desktop/Joustus
-logFile
Logs/AssetImportWorker0.log
-srvPort
50774
Successfully changed project path to: C:/Users/Lenovo/Desktop/Joustus
C:/Users/Lenovo/Desktop/Joustus
Using Asset Import Pipeline V2.
Refreshing native plugins compatible for Editor in 49.32 ms, found 0 plugins.
Preloading 0 native plugins for Editor in 0.00 ms.
Initialize engine version: 2020.3.2f1 (8fd9074bf66c)
[Subsystems] Discovering subsystems at path C:/Program Files/Unity/Hub/Editor/2020.3.2f1/Editor/Data/Resources/UnitySubsystems
[Subsystems] Discovering subsystems at path C:/Users/Lenovo/Desktop/Joustus/Assets
GfxDevice: creating device client; threaded=0
Direct3D:
    Version:  Direct3D 11.0 [level 11.0]
    Renderer: NVIDIA GeForce 940MX (ID=0x134d)
    Vendor:   
    VRAM:     2010 MB
    Driver:   26.21.14.3615
Initialize mono
Mono path[0] = 'C:/Program Files/Unity/Hub/Editor/2020.3.2f1/Editor/Data/Managed'
Mono path[1] = 'C:/Program Files/Unity/Hub/Editor/2020.3.2f1/Editor/Data/MonoBleedingEdge/lib/mono/unityjit'
Mono config path = 'C:/Program Files/Unity/Hub/Editor/2020.3.2f1/Editor/Data/MonoBleedingEdge/etc'
Using monoOptions --debugger-agent=transport=dt_socket,embedding=1,server=y,suspend=n,address=127.0.0.1:56808
Begin MonoManager ReloadAssembly
Registering precompiled unity dll's ...
Register platform support module: C:/Program Files/Unity/Hub/Editor/2020.3.2f1/Editor/Data/PlaybackEngines/WindowsStandaloneSupport/UnityEditor.WindowsStandalone.Extensions.dll
Registered in 0.007890 seconds.
Native extension for WindowsStandalone target not found
Refreshing native plugins compatible for Editor in 117.48 ms, found 0 plugins.
Preloading 0 native plugins for Editor in 0.00 ms.
Invoked RoslynAnalysisRunner static constructor.
RoslynAnalysisRunner will not be running.
RoslynAnalysisRunner has terminated.
Mono: successfully reloaded assembly
- Completed reload, in  7.096 seconds
Platform modules already initialized, skipping
Registering precompiled user dll's ...
Registered in 0.001086 seconds.
Begin MonoManager ReloadAssembly
Native extension for WindowsStandalone target not found
Refreshing native plugins compatible for Editor in 0.47 ms, found 0 plugins.
Preloading 0 native plugins for Editor in 0.00 ms.
Invoked RoslynAnalysisRunner static constructor.
RoslynAnalysisRunner will not be running.
RoslynAnalysisRunner has terminated.
Mono: successfully reloaded assembly
- Completed reload, in  3.066 seconds
Platform modules already initialized, skipping
========================================================================
Worker process is ready to serve import requests
Launched and connected shader compiler UnityShaderCompiler.exe after 0.10 seconds
Refreshing native plugins compatible for Editor in 0.34 ms, found 0 plugins.
Preloading 0 native plugins for Editor in 0.00 ms.
Unloading 1194 Unused Serialized files (Serialized files now loaded: 0)
System memory in use before: 59.5 MB.
System memory in use after: 59.5 MB.

Unloading 13 unused Assets to reduce memory usage. Loaded Objects now: 1641.
Total: 2.221000 ms (FindLiveObjects: 0.205300 ms CreateObjectMapping: 0.048500 ms MarkObjects: 1.856300 ms  DeleteObjects: 0.108800 ms)

========================================================================
Received Import Request.
  path: Assets/Scripts/Media.cs
  artifactKey: Guid(3462a8425118e374a81c9bf98fe6fa7c) Importer(815301076,1909f56bfc062723c751e8b465ee728b)
Start importing Assets/Scripts/Media.cs using Guid(3462a8425118e374a81c9bf98fe6fa7c) Importer(815301076,1909f56bfc062723c751e8b465ee728b)  -> (artifact id: '26d2e1c8899022fbc089e8b487706a92') in 0.113952 seconds
  Import took 0.118397 seconds .

========================================================================
Received Prepare
Registering precompiled user dll's ...
Registered in 0.001056 seconds.
Begin MonoManager ReloadAssembly
Native extension for WindowsStandalone target not found
Refreshing native plugins compatible for Editor in 0.26 ms, found 0 plugins.
Preloading 0 native plugins for Editor in 0.00 ms.
Invoked RoslynAnalysisRunner static constructor.
RoslynAnalysisRunner will not be running.
RoslynAnalysisRunner has terminated.
Mono: successfully reloaded assembly
- Completed reload, in  1.660 seconds
Platform modules already initialized, skipping
Refreshing native plugins compatible for Editor in 0.41 ms, found 0 plugins.
Preloading 0 native plugins for Editor in 0.00 ms.
Unloading 1189 Unused Serialized files (Serialized files now loaded: 0)
System memory in use before: 59.4 MB.
System memory in use after: 59.5 MB.

Unloading 4 unused Assets to reduce memory usage. Loaded Objects now: 1644.
Total: 2.157100 ms (FindLiveObjects: 0.178600 ms CreateObjectMapping: 0.052300 ms MarkObjects: 1.901900 ms  DeleteObjects: 0.022400 ms)

========================================================================
Received Prepare
Registering precompiled user dll's ...
Registered in 0.001034 seconds.
Begin MonoManager ReloadAssembly
Native extension for WindowsStandalone target not found
Refreshing native plugins compatible for Editor in 0.46 ms, found 0 plugins.
Preloading 0 native plugins for Editor in 0.00 ms.
Invoked RoslynAnalysisRunner static constructor.
RoslynAnalysisRunner will not be running.
RoslynAnalysisRunner has terminated.
Mono: successfully reloaded assembly
- Completed reload, in  7.497 seconds
Platform modules already initialized, skipping
Refreshing native plugins compatible for Editor in 0.26 ms, found 0 plugins.
Preloading 0 native plugins for Editor in 0.00 ms.
Unloading 1189 Unused Serialized files (Serialized files now loaded: 0)
System memory in use before: 59.4 MB.
System memory in use after: 59.5 MB.

Unloading 4 unused Assets to reduce memory usage. Loaded Objects now: 1647.
Total: 4.128000 ms (FindLiveObjects: 0.306400 ms CreateObjectMapping: 0.121300 ms MarkObjects: 3.574600 ms  DeleteObjects: 0.122900 ms)

========================================================================
Received Prepare
Refreshing native plugins compatible for Editor in 2.52 ms, found 0 plugins.
Preloading 0 native plugins for Editor in 0.00 ms.
Unloading 3 Unused Serialized files (Serialized files now loaded: 0)
System memory in use before: 35.9 MB.
System memory in use after: 36.0 MB.

Unloading 2 unused Assets to reduce memory usage. Loaded Objects now: 1647.
Total: 3.741600 ms (FindLiveObjects: 0.292800 ms CreateObjectMapping: 0.124000 ms MarkObjects: 3.286200 ms  DeleteObjects: 0.035500 ms)

========================================================================
Received Prepare
Refreshing native plugins compatible for Editor in 1.77 ms, found 0 plugins.
Preloading 0 native plugins for Editor in 0.00 ms.
Unloading 3 Unused Serialized files (Serialized files now loaded: 0)
System memory in use before: 35.9 MB.
System memory in use after: 36.0 MB.

Unloading 2 unused Assets to reduce memory usage. Loaded Objects now: 1647.
Total: 3.080700 ms (FindLiveObjects: 0.246800 ms CreateObjectMapping: 0.087600 ms MarkObjects: 2.720200 ms  DeleteObjects: 0.023600 ms)

========================================================================
Received Import Request.
  Time since last request: 232.456727 seconds.
  path: Assets
  artifactKey: Guid(00000000000000001000000000000000) Importer(815301076,1909f56bfc062723c751e8b465ee728b)
Start importing Assets using Guid(00000000000000001000000000000000) Importer(815301076,1909f56bfc062723c751e8b465ee728b)  -> (artifact id: '819a33a9bd799f71faca6db75e8a216c') in 0.027504 seconds
  Import took 0.055110 seconds .

========================================================================
Received Import Request.
  Time since last request: 20.809041 seconds.
  path: Assets/Images
  artifactKey: Guid(bbe00289c32f2a24daf48a79736bcfe7) Importer(815301076,1909f56bfc062723c751e8b465ee728b)
Start importing Assets/Images using Guid(bbe00289c32f2a24daf48a79736bcfe7) Importer(815301076,1909f56bfc062723c751e8b465ee728b)  -> (artifact id: '6c9d96dfa3796d75c0e0c2cffaed969b') in 0.014944 seconds
  Import took 0.026050 seconds .

AssetImportWorkerClient::OnTransportError - code=2 error=End of file
